<?xml version="1.0" encoding="UTF-8"?>
<testsuite xmlns:xsi="http://www.w3.org/2001/XMLSchema-instance" xsi:noNamespaceSchemaLocation="https://maven.apache.org/surefire/maven-surefire-plugin/xsd/surefire-test-report.xsd" name="suits.Suite_Login_Test" time="434.221" tests="13" errors="0" skipped="0" failures="1">
  <properties>
[...]
</properties>
  <testcase name="loginWithoutCredentials[login =test1@uemail99.com pass = 123456]" classname="loginTest.LoginViaPopup" time="63.502"/>
  <testcase name="loginWithoutLogin[login =test1@uemail99.com pass = 123456]" classname="loginTest.LoginViaPopup" time="59.412"/>
  <testcase name="failedValidLogin[login =test1@uemail99.com pass = 123456]" classname="loginTest.LoginViaPopup" time="55.288">
    <failure message="User should be logIn Browser - chrome  expected:&lt;true&gt; but was:&lt;false&gt;" type="java.lang.AssertionError"><![CDATA[java.lang.AssertionError: User should be logIn Browser - chrome  expected:<true> but was:<false>
	at loginTest.LoginViaPopup.failedValidLogin(LoginViaPopup.java:46)
]]></failure>
    <system-out><![CDATA[19:13:03   INFO [            MainPage:70  ] : Login page was opened
19:13:04   INFO [ActionsWithOurElement:55  ] : Element was clicked [[ChromeDriver: chrome on XP (d33925b30fdcefc4610b56e5ec60cc42)] -> xpath: //*[@class='b-complex-header__button b-complex-header__button--login js-get-popup-autification']]
19:13:04   INFO [ActionsWithOurElement:40  ] : test1@uemail99.com was inputed in to input [[ChromeDriver: chrome on XP (d33925b30fdcefc4610b56e5ec60cc42)] -> id: mail_or_email_login]
19:13:05   INFO [ActionsWithOurElement:40  ] : 123456 was inputed in to input [[ChromeDriver: chrome on XP (d33925b30fdcefc4610b56e5ec60cc42)] -> id: user_password_login]
19:13:05   INFO [ActionsWithOurElement:55  ] : Element was clicked [[ChromeDriver: chrome on XP (d33925b30fdcefc4610b56e5ec60cc42)] -> xpath: //*[@for='remember_me_login']]
19:13:05   INFO [ActionsWithOurElement:55  ] : Element was clicked [[ChromeDriver: chrome on XP (d33925b30fdcefc4610b56e5ec60cc42)] -> xpath: //*[@class='b-button b-button--full b-button--confirm-secondary']]
19:13:09   INFO [ActionsWithOurElement:165 ] : Is Element  Present ? - true
]]></system-out>
    <system-err><![CDATA[Starting ChromeDriver 2.33.506120 (e3e53437346286c0bc2d2dc9aa4915ba81d9023f) on port 21756
Only local connections are allowed.
бер. 11, 2018 7:12:17 PM org.openqa.selenium.remote.ProtocolHandshake createSession
INFO: Detected dialect: OSS
]]></system-err>
  </testcase>
  <testcase name="validLogin[login =test1@uemail99.com pass = 123456]" classname="loginTest.LoginViaPopup" time="12.322"/>
  <testcase name="loginWithoutPassword[login =test1@uemail99.com pass = 123456]" classname="loginTest.LoginViaPopup" time="18.128"/>
  <testcase name="loginWithInvalidCredentials[login =test1@uemail99.com pass = 123456]" classname="loginTest.LoginViaPopup" time="18.248"/>
  <testcase name="loginWithoutCredentials[login =test1@uemail99.com pass = 123456]" classname="loginTest.LoginViaLoginPage" time="28.938"/>
  <testcase name="loginWithInvalidEmail[login =test1@uemail99.com pass = 123456]" classname="loginTest.LoginViaLoginPage" time="29.747"/>
  <testcase name="loginWithInvalidShortPassword[login =test1@uemail99.com pass = 123456]" classname="loginTest.LoginViaLoginPage" time="29.232"/>
  <testcase name="loginWithoutEmail[login =test1@uemail99.com pass = 123456]" classname="loginTest.LoginViaLoginPage" time="30.212"/>
  <testcase name="loginWithInvalidPassword[login =test1@uemail99.com pass = 123456]" classname="loginTest.LoginViaLoginPage" time="32.932"/>
  <testcase name="loginViaValidCredentials[login =test1@uemail99.com pass = 123456]" classname="loginTest.LoginViaLoginPage" time="24.964"/>
  <testcase name="loginWithoutPassword[login =test1@uemail99.com pass = 123456]" classname="loginTest.LoginViaLoginPage" time="30.984"/>
</testsuite>